#
# There is insufficient memory for the Java Runtime Environment to continue.
# Native memory allocation (mmap) failed to map 268435456 bytes for Failed to commit area from 0x0000000701c00000 to 0x0000000711c00000 of length 268435456.
# Possible reasons:
#   The system is out of physical RAM or swap space
#   The process is running with CompressedOops enabled, and the Java Heap may be blocking the growth of the native heap
# Possible solutions:
#   Reduce memory load on the system
#   Increase physical memory or swap space
#   Check if swap backing store is full
#   Decrease Java heap size (-Xmx/-Xms)
#   Decrease number of Java threads
#   Decrease Java thread stack sizes (-Xss)
#   Set larger code cache with -XX:ReservedCodeCacheSize=
# This output file may be truncated or incomplete.
#
#  Out of Memory Error (./src/hotspot/os/windows/os_windows.cpp:3301), pid=19120, tid=16632
#
# JRE version:  (11.0.10) (build )
# Java VM: OpenJDK 64-Bit Server VM (11.0.10+0-b96-7249189, mixed mode, sharing, tiered, compressed oops, g1 gc, windows-amd64)
# No core dump will be written. Minidumps are not enabled by default on client versions of Windows
#

---------------  S U M M A R Y ------------

Command Line: 

Host: Intel(R) Core(TM) i5-8265U CPU @ 1.60GHz, 8 cores, 15G,  Windows 10 , 64 bit Build 22000 (10.0.22000.318)
Time: Mon Nov 22 19:53:07 2021 Hora estándar romance elapsed time: 0.014402 seconds (0d 0h 0m 0s)

---------------  T H R E A D  ---------------

Current thread (0x00000272c5e6d000):  JavaThread "Unknown thread" [_thread_in_vm, id=16632, stack(0x000000b4eb800000,0x000000b4eb900000)]

Stack: [0x000000b4eb800000,0x000000b4eb900000]
Native frames: (J=compiled Java code, j=interpreted, Vv=VM code, C=native code)
V  [jvm.dll+0x5ecfaa]
V  [jvm.dll+0x722bd5]
V  [jvm.dll+0x72412d]
V  [jvm.dll+0x7247e3]
V  [jvm.dll+0x242928]
V  [jvm.dll+0x5ea374]
V  [jvm.dll+0x5df425]
V  [jvm.dll+0x2fdebb]
V  [jvm.dll+0x2fde2a]
V  [jvm.dll+0x2fdd02]
V  [jvm.dll+0x302bf6]
V  [jvm.dll+0x34b2a3]
V  [jvm.dll+0x34b9a6]
V  [jvm.dll+0x34b3a3]
V  [jvm.dll+0x2d8888]
V  [jvm.dll+0x2d9a37]
V  [jvm.dll+0x701737]
V  [jvm.dll+0x702f2c]
V  [jvm.dll+0x3587d9]
V  [jvm.dll+0x6e4fae]
V  [jvm.dll+0x3c0be3]
V  [jvm.dll+0x3c2e91]
C  [jli.dll+0x5373]
C  [ucrtbase.dll+0x26c0c]
C  [KERNEL32.DLL+0x154e0]
C  [ntdll.dll+0x485b]


---------------  P R O C E S S  ---------------

Threads class SMR info:
_java_thread_list=0x00000272c5d9d060, length=0, elements={
}

Java Threads: ( => current thread )

Other Threads:
  0x00000272c7fa6800 GCTaskThread "GC Thread#0" [stack: 0x000000b4eb900000,0x000000b4eba00000] [id=14784]
  0x00000272c8004000 ConcurrentGCThread "G1 Main Marker" [stack: 0x000000b4eba00000,0x000000b4ebb00000] [id=16928]
  0x00000272c8005000 ConcurrentGCThread "G1 Conc#0" [stack: 0x000000b4ebb00000,0x000000b4ebc00000] [id=7912]

[error occurred during error reporting (printing all threads), id 0xc0000005, EXCEPTION_ACCESS_VIOLATION (0xc0000005) at pc=0x00007ffa87c49107]

VM state:not at safepoint (not fully initialized)

VM Mutex/Monitor currently owned by a thread:  ([mutex/lock_event])
[0x00000272c7f8f730] Heap_lock - owner thread: 0x00000272c5e6d000

Heap address: 0x0000000701c00000, size: 4068 MB, Compressed Oops mode: Non-zero based: 0x0000000701c00000
Narrow klass base: 0x0000000000000000, Narrow klass shift: 0

GC Heap History (0 events):
No events

Deoptimization events (0 events):
No events

Classes redefined (0 events):
No events

Internal exceptions (0 events):
No events

Events (1 events):
Event: 0.009 Loaded shared library C:\Program Files\Android\Android Studio1\jre\bin\zip.dll


Dynamic libraries:
0x00007ff7355a0000 - 0x00007ff7355aa000 	C:\Program Files\Android\Android Studio1\jre\bin\java.EXE
0x00007ffae55a0000 - 0x00007ffae57a7000 	C:\WINDOWS\SYSTEM32\ntdll.dll
0x00007ffae36d0000 - 0x00007ffae378d000 	C:\WINDOWS\System32\KERNEL32.DLL
0x00007ffae2f10000 - 0x00007ffae3284000 	C:\WINDOWS\System32\KERNELBASE.dll
0x00007ffadb060000 - 0x00007ffadb0f1000 	C:\WINDOWS\SYSTEM32\apphelp.dll
0x00007ffae2a80000 - 0x00007ffae2b91000 	C:\WINDOWS\System32\ucrtbase.dll
0x00007ffada470000 - 0x00007ffada487000 	C:\Program Files\Android\Android Studio1\jre\bin\VCRUNTIME140.dll
0x00007ffac5cb0000 - 0x00007ffac5cc9000 	C:\Program Files\Android\Android Studio1\jre\bin\jli.dll
0x00007ffae3b80000 - 0x00007ffae3d2c000 	C:\WINDOWS\System32\USER32.dll
0x00007ffae2ba0000 - 0x00007ffae2bc6000 	C:\WINDOWS\System32\win32u.dll
0x00007ffae5070000 - 0x00007ffae5099000 	C:\WINDOWS\System32\GDI32.dll
0x00007ffae3290000 - 0x00007ffae33a2000 	C:\WINDOWS\System32\gdi32full.dll
0x00007ffae2db0000 - 0x00007ffae2e4d000 	C:\WINDOWS\System32\msvcp_win.dll
0x00007ffacad90000 - 0x00007ffacb035000 	C:\WINDOWS\WinSxS\amd64_microsoft.windows.common-controls_6595b64144ccf1df_6.0.22000.120_none_9d947278b86cc467\COMCTL32.dll
0x00007ffae3d30000 - 0x00007ffae3dd3000 	C:\WINDOWS\System32\msvcrt.dll
0x00007ffae4e90000 - 0x00007ffae4ec1000 	C:\WINDOWS\System32\IMM32.DLL
0x00007ffa957d0000 - 0x00007ffa9586d000 	C:\Program Files\Android\Android Studio1\jre\bin\msvcp140.dll
0x00007ffa87960000 - 0x00007ffa8842f000 	C:\Program Files\Android\Android Studio1\jre\bin\server\jvm.dll
0x00007ffae50a0000 - 0x00007ffae514c000 	C:\WINDOWS\System32\ADVAPI32.dll
0x00007ffae3790000 - 0x00007ffae382d000 	C:\WINDOWS\System32\sechost.dll
0x00007ffae4d50000 - 0x00007ffae4e71000 	C:\WINDOWS\System32\RPCRT4.dll
0x00007ffae4270000 - 0x00007ffae4278000 	C:\WINDOWS\System32\PSAPI.DLL
0x00007ffada450000 - 0x00007ffada459000 	C:\WINDOWS\SYSTEM32\WSOCK32.dll
0x00007ffad9070000 - 0x00007ffad90a3000 	C:\WINDOWS\SYSTEM32\WINMM.dll
0x00007ffae3920000 - 0x00007ffae398f000 	C:\WINDOWS\System32\WS2_32.dll
0x00007ffad7db0000 - 0x00007ffad7dba000 	C:\WINDOWS\SYSTEM32\VERSION.dll
0x00007ffae1c60000 - 0x00007ffae1c78000 	C:\WINDOWS\SYSTEM32\kernel.appcore.dll
0x00007ffada430000 - 0x00007ffada441000 	C:\Program Files\Android\Android Studio1\jre\bin\verify.dll
0x00007ffadce90000 - 0x00007ffadd0b1000 	C:\WINDOWS\SYSTEM32\DBGHELP.DLL
0x00007ffac6e90000 - 0x00007ffac6ec1000 	C:\WINDOWS\SYSTEM32\dbgcore.DLL
0x00007ffae33b0000 - 0x00007ffae3430000 	C:\WINDOWS\System32\bcryptPrimitives.dll
0x00007ffada070000 - 0x00007ffada099000 	C:\Program Files\Android\Android Studio1\jre\bin\java.dll
0x00007ffada420000 - 0x00007ffada42b000 	C:\Program Files\Android\Android Studio1\jre\bin\jimage.dll
0x00007ffad9e90000 - 0x00007ffad9ea8000 	C:\Program Files\Android\Android Studio1\jre\bin\zip.dll

dbghelp: loaded successfully - version: 4.0.5 - missing functions: none
symbol engine: initialized successfully - sym options: 0x614 - pdb path: .;C:\Program Files\Android\Android Studio1\jre\bin;C:\WINDOWS\SYSTEM32;C:\WINDOWS\WinSxS\amd64_microsoft.windows.common-controls_6595b64144ccf1df_6.0.22000.120_none_9d947278b86cc467;C:\Program Files\Android\Android Studio1\jre\bin\server

VM Arguments:
java_command: <unknown>
java_class_path (initial): <not set>
Launcher Type: SUN_STANDARD

[Global flags]
     intx CICompilerCount                          = 4                                         {product} {ergonomic}
     uint ConcGCThreads                            = 2                                         {product} {ergonomic}
     uint G1ConcRefinementThreads                  = 8                                         {product} {ergonomic}
   size_t G1HeapRegionSize                         = 1048576                                   {product} {ergonomic}
    uintx GCDrainStackTargetSize                   = 64                                        {product} {ergonomic}
   size_t InitialHeapSize                          = 268435456                                 {product} {ergonomic}
   size_t MarkStackSize                            = 4194304                                   {product} {ergonomic}
   size_t MaxHeapSize                              = 4265607168                                {product} {ergonomic}
   size_t MinHeapDeltaBytes                        = 1048576                                   {product} {ergonomic}
    uintx NonNMethodCodeHeapSize                   = 5836300                                {pd product} {ergonomic}
    uintx NonProfiledCodeHeapSize                  = 122910970                              {pd product} {ergonomic}
    uintx ProfiledCodeHeapSize                     = 122910970                              {pd product} {ergonomic}
    uintx ReservedCodeCacheSize                    = 251658240                              {pd product} {ergonomic}
     bool SegmentedCodeCache                       = true                                      {product} {ergonomic}
     bool UseCompressedClassPointers               = true                                 {lp64_product} {ergonomic}
     bool UseCompressedOops                        = true                                 {lp64_product} {ergonomic}
     bool UseG1GC                                  = true                                      {product} {ergonomic}
     bool UseLargePagesIndividualAllocation        = false                                  {pd product} {ergonomic}

Logging:
Log output configuration:
 #0: stdout all=warning uptime,level,tags
 #1: stderr all=off uptime,level,tags

Environment Variables:
PATH=C:\Program Files\Eclipse Foundation\jdk-16.0.2.7-hotspot\bin;C:\Program Files (x86)\Razer\ChromaBroadcast\bin;C:\Program Files\Razer\ChromaBroadcast\bin;C:\Program Files (x86)\VMware\VMware Player\bin\;C:\Program Files (x86)\Razer Chroma SDK\bin;C:\Program Files\Razer Chroma SDK\bin;C:\Program Files (x86)\Common Files\Oracle\Java\javapath;C:\windows\system32;C:\windows;C:\windows\System32\Wbem;C:\windows\System32\WindowsPowerShell\v1.0\;C:\windows\System32\OpenSSH\;C:\Program Files (x86)\NVIDIA Corporation\PhysX\Common;C:\Program Files\NVIDIA Corporation\NVIDIA NvDLISR;C:\Program Files (x86)\Bitvise SSH Client;C:\Program Files\AutoFirma\AutoFirma;C:\Program Files\PuTTY\;C:\Users\yagoi\AppData\Local\Microsoft\WindowsApps;C:\WINDOWS\system32;C:\WINDOWS;C:\WINDOWS\System32\Wbem;C:\WINDOWS\System32\WindowsPowerShell\v1.0\;C:\WINDOWS\System32\OpenSSH\;C:\Program Files (x86)\Pulse Secure\VC142.CRT\X64\;C:\Program Files (x86)\Pulse Secure\VC142.CRT\X86\;C:\Program Files (x86)\Smart Projects\IsoBuster;C:\Program Files\Git\cmd;C:\Program Files\MATLAB\R2021a\bin;C:\WINDOWS\system32\config\systemprofile\AppData\Local\Microsoft\WindowsApps;C:\WINDOWS\system32;C:\WINDOWS;C:\WINDOWS\System32\Wbem;C:\WINDOWS\System32\WindowsPowerShell\v1.0\;C:\WINDOWS\System32\OpenSSH\;C:\Program Files\Microsoft SQL Server\Client SDK\ODBC\170\Tools\Binn\;C:\Program Files (x86)\Microsoft SQL Server\150\Tools\Binn\;C:\Program Files\Microsoft SQL Server\150\Tools\Binn\;C:\Program Files\Microsoft SQL Server\150\DTS\Binn\;C:\Program Files\Docker\Docker\resources\bin;C:\ProgramData\DockerDesktop\version-bin;C:\Users\Yago\AppData\Local\Microsoft\WindowsApps;C:\Users\Yago\AppData\Local\GitHubDesktop\bin;C:\Users\Yago\AppData\Local\Programs\Microsoft VS Code\bin;C:\MinGW\bin;C:\development\flutter\bin;C:\development\flutter\bin\cache\dart-sdk\bin;;C:\development\flutter\bin\mingit\cmd
USERNAME=Yago
OS=Windows_NT
PROCESSOR_IDENTIFIER=Intel64 Family 6 Model 142 Stepping 11, GenuineIntel



---------------  S Y S T E M  ---------------

OS: Windows 10 , 64 bit Build 22000 (10.0.22000.318)
OS uptime: 0 days 5:06 hours
Hyper-V role detected

CPU:total 8 (initial active 8) (4 cores per cpu, 2 threads per core) family 6 model 142 stepping 11 microcode 0xde, cmov, cx8, fxsr, mmx, sse, sse2, sse3, ssse3, sse4.1, sse4.2, popcnt, avx, avx2, aes, clmul, erms, 3dnowpref, lzcnt, ht, tsc, tscinvbit, bmi1, bmi2, adx, fma

Memory: 4k page, system-wide physical 16271M (2628M free)
TotalPageFile size 16271M (AvailPageFile size 221M)
current process WorkingSet (physical memory assigned to process): 11M, peak: 11M
current process commit charge ("private bytes"): 60M, peak: 316M

vm_info: OpenJDK 64-Bit Server VM (11.0.10+0-b96-7249189) for windows-amd64 JRE (11.0.10+0-b96-7249189), built on Mar 31 2021 21:44:00 by "builder" with MS VC++ 14.0 (VS2015)

END.
